<?xml version="1.0" encoding="UTF-8"?>
<testsuite name="TestSuite" time="26.324" tests="9" errors="0" skipped="8" failures="1">
  <properties>
[...]
</properties>
  <testcase name="Open" classname="scripts.travels" time="26.324">
    <failure message="Error communicating with the remote browser. It may have died.&#10;Build info: version: &apos;2.48.0&apos;, revision: &apos;b7b081a4f1289f17e8ecd38bc67e137c2a12e34a&apos;, time: &apos;2015-10-07 09:50:14&apos;&#10;System info: host: &apos;P5-508SC8Q&apos;, ip: &apos;10.195.108.75&apos;, os.name: &apos;Windows 10&apos;, os.arch: &apos;x86&apos;, os.version: &apos;10.0&apos;, java.version: &apos;1.8.0_111&apos;&#10;Driver info: driver.version: FirefoxDriver" type="org.openqa.selenium.remote.UnreachableBrowserException">org.openqa.selenium.remote.UnreachableBrowserException: Error communicating with the remote browser. It may have died.
Build info: version: '2.48.0', revision: 'b7b081a4f1289f17e8ecd38bc67e137c2a12e34a', time: '2015-10-07 09:50:14'
System info: host: 'P5-508SC8Q', ip: '10.195.108.75', os.name: 'Windows 10', os.arch: 'x86', os.version: '10.0', java.version: '1.8.0_111'
Driver info: driver.version: FirefoxDriver
	at org.apache.http.impl.io.ContentLengthInputStream.read(ContentLengthInputStream.java:180)
	at org.apache.http.impl.io.ContentLengthInputStream.read(ContentLengthInputStream.java:200)
	at org.apache.http.impl.io.ContentLengthInputStream.close(ContentLengthInputStream.java:103)
	at org.apache.http.impl.execchain.ResponseEntityProxy.streamClosed(ResponseEntityProxy.java:128)
	at org.apache.http.conn.EofSensorInputStream.checkClose(EofSensorInputStream.java:228)
	at org.apache.http.conn.EofSensorInputStream.close(EofSensorInputStream.java:174)
	at org.apache.http.util.EntityUtils.consume(EntityUtils.java:88)
	at org.openqa.selenium.remote.internal.ApacheHttpClient.createResponse(ApacheHttpClient.java:112)
	at org.openqa.selenium.remote.internal.ApacheHttpClient.execute(ApacheHttpClient.java:93)
	at org.openqa.selenium.remote.HttpCommandExecutor.execute(HttpCommandExecutor.java:142)
	at org.openqa.selenium.firefox.internal.NewProfileExtensionConnection.execute(NewProfileExtensionConnection.java:170)
	at org.openqa.selenium.firefox.FirefoxDriver$LazyCommandExecutor.execute(FirefoxDriver.java:380)
	at org.openqa.selenium.remote.RemoteWebDriver.execute(RemoteWebDriver.java:620)
	at org.openqa.selenium.firefox.FirefoxDriver.access$100(FirefoxDriver.java:65)
	at org.openqa.selenium.firefox.FirefoxDriver$1$1.implicitlyWait(FirefoxDriver.java:244)
	at scripts.travels.Open(travels.java:47)
</failure>
  </testcase>
  <testcase name="businessAdvisorValidation" classname="scripts.travels" time="0">
    <skipped/>
    <system-out><![CDATA[The total rows are : 7
The total colums are : 27
n
The cell values are : 1,0: n
login
The cell values are : 1,1: login
http://newtours.demoaut.com/mercurywelcome.php
The cell values are : 1,2: http://newtours.demoaut.com/mercurywelcome.php
adtestid51
The cell values are : 1,3: adtestid51
xE2w04kC1a7Se5Vh69g3
The cell values are : 1,4: xE2w04kC1a7Se5Vh69g3

The cell values are : 1,5: 

The cell values are : 1,6: 

The cell values are : 1,7: 

The cell values are : 1,8: 

The cell values are : 1,9: 

The cell values are : 1,10: 

The cell values are : 1,11: 

The cell values are : 1,12: 

The cell values are : 1,13: 

The cell values are : 1,14: 

The cell values are : 1,15: 
y
The cell values are : 2,0: y
Register
The cell values are : 2,1: Register

The cell values are : 2,2: 

The cell values are : 2,3: 

The cell values are : 2,4: 
biswanath
The cell values are : 2,5: biswanath
das
The cell values are : 2,6: das
7.710971176E9
The cell values are : 2,7: 7.710971176E9
bdas9261@gmail.com
The cell values are : 2,8: bdas9261@gmail.com
gffhghgbkj
The cell values are : 2,9: gffhghgbkj
pune
The cell values are : 2,10: pune
Maharashtra
The cell values are : 2,11: Maharashtra
755007.0
The cell values are : 2,12: 755007.0
ALBANIA
The cell values are : 2,13: ALBANIA
bdas9261
The cell values are : 2,14: bdas9261
fdfdfddg
The cell values are : 2,15: fdfdfddg
fdfdfddg
The cell values are : 2,16: fdfdfddg
y
The cell values are : 3,0: y
Signin
The cell values are : 3,1: Signin

The cell values are : 3,2: 

The cell values are : 3,3: 

The cell values are : 3,4: 

The cell values are : 3,5: 

The cell values are : 3,6: 

The cell values are : 3,7: 

The cell values are : 3,8: 

The cell values are : 3,9: 

The cell values are : 3,10: 

The cell values are : 3,11: 

The cell values are : 3,12: 

The cell values are : 3,13: 

The cell values are : 3,14: 

The cell values are : 3,15: 
bdas9261
The cell values are : 3,17: bdas9261
fdfdfddg
The cell values are : 3,18: fdfdfddg
y
The cell values are : 4,0: y
TraveDetails
The cell values are : 4,1: TraveDetails

The cell values are : 4,2: 

The cell values are : 4,3: 

The cell values are : 4,4: 

The cell values are : 4,5: 

The cell values are : 4,6: 

The cell values are : 4,7: 

The cell values are : 4,8: 

The cell values are : 4,9: 

The cell values are : 4,10: 
TestRole
The cell values are : 4,11: TestRole

The cell values are : 4,12: 

The cell values are : 4,13: 

The cell values are : 4,14: 

The cell values are : 4,15: 
3.0
The cell values are : 4,19: 3.0
New York
The cell values are : 4,20: New York
January
The cell values are : 4,21: January
23.0
The cell values are : 4,22: 23.0
Frankfurt
The cell values are : 4,23: Frankfurt
January
The cell values are : 4,24: January
25.0
The cell values are : 4,25: 25.0
Unified Airlines
The cell values are : 4,26: Unified Airlines
n
The cell values are : 5,0: n

The cell values are : 5,1: 

The cell values are : 5,2: 

The cell values are : 5,3: 

The cell values are : 5,4: 

The cell values are : 5,5: 

The cell values are : 5,6: 

The cell values are : 5,7: 

The cell values are : 5,8: 

The cell values are : 5,9: 
n.kumarasamy
The cell values are : 5,10: n.kumarasamy

The cell values are : 5,11: 

The cell values are : 5,12: 

The cell values are : 5,13: 

The cell values are : 5,14: 

The cell values are : 5,15: 
n
The cell values are : 6,0: n

The cell values are : 6,1: 

The cell values are : 6,2: 

The cell values are : 6,3: 

The cell values are : 6,4: 

The cell values are : 6,5: 

The cell values are : 6,6: 

The cell values are : 6,7: 

The cell values are : 6,8: 

The cell values are : 6,9: 

The cell values are : 6,10: 

The cell values are : 6,11: 
adtestid54
The cell values are : 6,12: adtestid54

The cell values are : 6,13: 

The cell values are : 6,14: 

The cell values are : 6,15: 
n
The cell values are : 7,0: n

The cell values are : 7,1: 

The cell values are : 7,2: 

The cell values are : 7,3: 

The cell values are : 7,4: 

The cell values are : 7,5: 

The cell values are : 7,6: 

The cell values are : 7,7: 

The cell values are : 7,8: 

The cell values are : 7,9: 

The cell values are : 7,10: 
ADMIN
The cell values are : 7,11: ADMIN

The cell values are : 7,12: 
Read
The cell values are : 7,13: Read
GEN 4 PROJECT TRACKER
The cell values are : 7,14: GEN 4 PROJECT TRACKER

The cell values are : 7,15: 
]]></system-out>
  </testcase>
  <testcase name="businessAdvisorValidation" classname="scripts.travels" time="0">
    <skipped/>
  </testcase>
  <testcase name="businessAdvisorValidation" classname="scripts.travels" time="0">
    <skipped/>
  </testcase>
  <testcase name="businessAdvisorValidation" classname="scripts.travels" time="0">
    <skipped/>
  </testcase>
  <testcase name="businessAdvisorValidation" classname="scripts.travels" time="0">
    <skipped/>
  </testcase>
  <testcase name="businessAdvisorValidation" classname="scripts.travels" time="0">
    <skipped/>
  </testcase>
  <testcase name="businessAdvisorValidation" classname="scripts.travels" time="0">
    <skipped/>
  </testcase>
  <testcase name="tearDown" classname="scripts.travels" time="0">
    <skipped/>
  </testcase>
</testsuite>